Determining if the pthread_create exist failed with the following output:
Change Dir: /home/user1/catkin_ws/src/nodelet_hello_world/build/CMakeFiles/CMakeTmp

Run Build Command:"/usr/bin/make" "cmTC_45f35/fast"
/usr/bin/make -f CMakeFiles/cmTC_45f35.dir/build.make CMakeFiles/cmTC_45f35.dir/build
make[1]: 디렉터리 '/home/user1/catkin_ws/src/nodelet_hello_world/build/CMakeFiles/CMakeTmp' 들어감
Building C object CMakeFiles/cmTC_45f35.dir/CheckSymbolExists.c.o
/usr/bin/cc    -o CMakeFiles/cmTC_45f35.dir/CheckSymbolExists.c.o   -c /home/user1/catkin_ws/src/nodelet_hello_world/build/CMakeFiles/CMakeTmp/CheckSymbolExists.c
Linking C executable cmTC_45f35
/usr/bin/cmake -E cmake_link_script CMakeFiles/cmTC_45f35.dir/link.txt --verbose=1
/usr/bin/cc      -rdynamic CMakeFiles/cmTC_45f35.dir/CheckSymbolExists.c.o  -o cmTC_45f35 
CMakeFiles/cmTC_45f35.dir/CheckSymbolExists.c.o: In function `main':
CheckSymbolExists.c:(.text+0x1b): undefined reference to `pthread_create'
collect2: error: ld returned 1 exit status
CMakeFiles/cmTC_45f35.dir/build.make:97: recipe for target 'cmTC_45f35' failed
make[1]: *** [cmTC_45f35] Error 1
make[1]: 디렉터리 '/home/user1/catkin_ws/src/nodelet_hello_world/build/CMakeFiles/CMakeTmp' 나감
Makefile:126: recipe for target 'cmTC_45f35/fast' failed
make: *** [cmTC_45f35/fast] Error 2

File /home/user1/catkin_ws/src/nodelet_hello_world/build/CMakeFiles/CMakeTmp/CheckSymbolExists.c:
/* */
#include <pthread.h>

int main(int argc, char** argv)
{
  (void)argv;
#ifndef pthread_create
  return ((int*)(&pthread_create))[argc];
#else
  (void)argc;
  return 0;
#endif
}

Determining if the function pthread_create exists in the pthreads failed with the following output:
Change Dir: /home/user1/catkin_ws/src/nodelet_hello_world/build/CMakeFiles/CMakeTmp

Run Build Command:"/usr/bin/make" "cmTC_a4b36/fast"
/usr/bin/make -f CMakeFiles/cmTC_a4b36.dir/build.make CMakeFiles/cmTC_a4b36.dir/build
make[1]: 디렉터리 '/home/user1/catkin_ws/src/nodelet_hello_world/build/CMakeFiles/CMakeTmp' 들어감
Building C object CMakeFiles/cmTC_a4b36.dir/CheckFunctionExists.c.o
/usr/bin/cc   -DCHECK_FUNCTION_EXISTS=pthread_create   -o CMakeFiles/cmTC_a4b36.dir/CheckFunctionExists.c.o   -c /usr/share/cmake-3.10/Modules/CheckFunctionExists.c
Linking C executable cmTC_a4b36
/usr/bin/cmake -E cmake_link_script CMakeFiles/cmTC_a4b36.dir/link.txt --verbose=1
/usr/bin/cc  -DCHECK_FUNCTION_EXISTS=pthread_create    -rdynamic CMakeFiles/cmTC_a4b36.dir/CheckFunctionExists.c.o  -o cmTC_a4b36 -lpthreads 
/usr/bin/ld: cannot find -lpthreads
collect2: error: ld returned 1 exit status
CMakeFiles/cmTC_a4b36.dir/build.make:97: recipe for target 'cmTC_a4b36' failed
make[1]: *** [cmTC_a4b36] Error 1
make[1]: 디렉터리 '/home/user1/catkin_ws/src/nodelet_hello_world/build/CMakeFiles/CMakeTmp' 나감
Makefile:126: recipe for target 'cmTC_a4b36/fast' failed
make: *** [cmTC_a4b36/fast] Error 2


